yarn run v1.22.22
$ storybook build --output-dir C:\Users\JOLYON~1\AppData\Local\Temp\chromatic--26284-8cDw2fKT1Khw
@storybook/cli v7.6.6

info => Cleaning outputDir: C:\Users\JOLYON~1\AppData\Local\Temp\chromatic--26284-8cDw2fKT1Khw
info => Loading presets
info => Building manager..
info => Manager built (318 ms)
info => Building preview..
info => Copying static files: C:\Users\JolyonSegal\Documents\development\react\apps\dev\storybook\taskbox\node_modules\@storybook\manager\static at C:\Users\JOLYON~1\AppData\Local\Temp\chromatic--26284-8cDw2fKT1Khw\sb-common-assets
info => Copying static files: C:\Users\JolyonSegal\Documents\development\react\apps\dev\storybook\taskbox\public at C:\Users\JOLYON~1\AppData\Local\Temp\chromatic--26284-8cDw2fKT1Khw\
[36mvite v4.5.1 [32mbuilding for production...[36m[39m
transforming...
[32m✓[39m 869 modules transformed.
rendering chunks...
computing gzip size...
[2m../../../../../../../../JOLYON~1/AppData/Local/Temp/chromatic--26284-8cDw2fKT1Khw/[22m[32massets/direction-94a9917f.svg                  [39m[1m[2m  1.28 kB[22m[1m[22m[2m │ gzip:   0.71 kB[22m
[2m../../../../../../../../JOLYON~1/AppData/Local/Temp/chromatic--26284-8cDw2fKT1Khw/[22m[32massets/flow-275142c6.svg                       [39m[1m[2m  1.39 kB[22m[1m[22m[2m │ gzip:   0.68 kB[22m
[2m../../../../../../../../JOLYON~1/AppData/Local/Temp/chromatic--26284-8cDw2fKT1Khw/[22m[32massets/code-brackets-9ef6443e.svg              [39m[1m[2m  1.46 kB[22m[1m[22m[2m │ gzip:   0.69 kB[22m
[2m../../../../../../../../JOLYON~1/AppData/Local/Temp/chromatic--26284-8cDw2fKT1Khw/[22m[32massets/comments-f15a6837.svg                   [39m[1m[2m  1.53 kB[22m[1m[22m[2m │ gzip:   0.70 kB[22m
[2m../../../../../../../../JOLYON~1/AppData/Local/Temp/chromatic--26284-8cDw2fKT1Khw/[22m[32massets/repo-fb4ece47.svg                       [39m[1m[2m  1.64 kB[22m[1m[22m[2m │ gzip:   0.83 kB[22m
[2m../../../../../../../../JOLYON~1/AppData/Local/Temp/chromatic--26284-8cDw2fKT1Khw/[22m[32massets/plugin-57148314.svg                     [39m[1m[2m  2.17 kB[22m[1m[22m[2m │ gzip:   0.98 kB[22m
[2m../../../../../../../../JOLYON~1/AppData/Local/Temp/chromatic--26284-8cDw2fKT1Khw/[22m[32massets/stackalt-2ad81543.svg                   [39m[1m[2m  2.55 kB[22m[1m[22m[2m │ gzip:   1.09 kB[22m
[2m../../../../../../../../JOLYON~1/AppData/Local/Temp/chromatic--26284-8cDw2fKT1Khw/[22m[32massets/colors-ac9401f3.svg                     [39m[1m[2m  8.51 kB[22m[1m[22m[2m │ gzip:   3.61 kB[22m
[2m../../../../../../../../JOLYON~1/AppData/Local/Temp/chromatic--26284-8cDw2fKT1Khw/[22m[32miframe.html                                    [39m[1m[2m 12.79 kB[22m[1m[22m[2m │ gzip:   3.59 kB[22m
[2m../../../../../../../../JOLYON~1/AppData/Local/Temp/chromatic--26284-8cDw2fKT1Khw/[22m[32massets/percolate-dac75269.ttf                  [39m[1m[2m 34.04 kB[22m[1m[22m
[2m../../../../../../../../JOLYON~1/AppData/Local/Temp/chromatic--26284-8cDw2fKT1Khw/[22m[32massets/percolate-ec979d96.woff                 [39m[1m[2m 34.11 kB[22m[1m[22m
[2m../../../../../../../../JOLYON~1/AppData/Local/Temp/chromatic--26284-8cDw2fKT1Khw/[22m[32massets/percolate-5ed633c2.eot                  [39m[1m[2m 34.21 kB[22m[1m[22m
[2m../../../../../../../../JOLYON~1/AppData/Local/Temp/chromatic--26284-8cDw2fKT1Khw/[22m[32massets/percolate-d13fa91b.svg                  [39m[1m[2m140.51 kB[22m[1m[22m[2m │ gzip:  47.50 kB[22m
[2m../../../../../../../../JOLYON~1/AppData/Local/Temp/chromatic--26284-8cDw2fKT1Khw/[22m[35massets/Button-92bb1d41.css                     [39m[1m[2m  0.28 kB[22m[1m[22m[2m │ gzip:   0.17 kB[22m
[2m../../../../../../../../JOLYON~1/AppData/Local/Temp/chromatic--26284-8cDw2fKT1Khw/[22m[35massets/Header-e719f21b.css                     [39m[1m[2m  0.43 kB[22m[1m[22m[2m │ gzip:   0.29 kB[22m
[2m../../../../../../../../JOLYON~1/AppData/Local/Temp/chromatic--26284-8cDw2fKT1Khw/[22m[35massets/Page.stories-62652a55.css               [39m[1m[2m  0.85 kB[22m[1m[22m[2m │ gzip:   0.38 kB[22m
[2m../../../../../../../../JOLYON~1/AppData/Local/Temp/chromatic--26284-8cDw2fKT1Khw/[22m[35massets/preview-0548aa0d.css                    [39m[1m[2m 18.94 kB[22m[1m[22m[2m │ gzip:   4.52 kB[22m
[2m../../../../../../../../JOLYON~1/AppData/Local/Temp/chromatic--26284-8cDw2fKT1Khw/[22m[36massets/index-9eea8125.js                       [39m[1m[2m  0.21 kB[22m[1m[22m[2m │ gzip:   0.17 kB[22m
[2m../../../../../../../../JOLYON~1/AppData/Local/Temp/chromatic--26284-8cDw2fKT1Khw/[22m[36massets/_commonjs-dynamic-modules-302442b1.js   [39m[1m[2m  0.24 kB[22m[1m[22m[2m │ gzip:   0.19 kB[22m
[2m../../../../../../../../JOLYON~1/AppData/Local/Temp/chromatic--26284-8cDw2fKT1Khw/[22m[36massets/WithTooltip-V3YHNWJZ-3fbaacf5.js        [39m[1m[2m  0.41 kB[22m[1m[22m[2m │ gzip:   0.24 kB[22m
[2m../../../../../../../../JOLYON~1/AppData/Local/Temp/chromatic--26284-8cDw2fKT1Khw/[22m[36massets/syntaxhighlighter-V7JZZA35-61d30435.js  [39m[1m[2m  0.42 kB[22m[1m[22m[2m │ gzip:   0.26 kB[22m
[2m../../../../../../../../JOLYON~1/AppData/Local/Temp/chromatic--26284-8cDw2fKT1Khw/[22m[36massets/index-a1cf9e47.js                       [39m[1m[2m  0.49 kB[22m[1m[22m[2m │ gzip:   0.31 kB[22m
[2m../../../../../../../../JOLYON~1/AppData/Local/Temp/chromatic--26284-8cDw2fKT1Khw/[22m[36massets/preview-89477e03.js                     [39m[1m[2m  0.54 kB[22m[1m[22m[2m │ gzip:   0.33 kB[22m
[2m../../../../../../../../JOLYON~1/AppData/Local/Temp/chromatic--26284-8cDw2fKT1Khw/[22m[36massets/react-18-988a5df2.js                    [39m[1m[2m  0.55 kB[22m[1m[22m[2m │ gzip:   0.34 kB[22m
[2m../../../../../../../../JOLYON~1/AppData/Local/Temp/chromatic--26284-8cDw2fKT1Khw/[22m[36massets/preview-73104b77.js                     [39m[1m[2m  0.64 kB[22m[1m[22m[2m │ gzip:   0.44 kB[22m
[2m../../../../../../../../JOLYON~1/AppData/Local/Temp/chromatic--26284-8cDw2fKT1Khw/[22m[36massets/_commonjsHelpers-de833af9.js            [39m[1m[2m  0.69 kB[22m[1m[22m[2m │ gzip:   0.38 kB[22m
[2m../../../../../../../../JOLYON~1/AppData/Local/Temp/chromatic--26284-8cDw2fKT1Khw/[22m[36massets/IconCross-7d58d73f.js                   [39m[1m[2m  0.75 kB[22m[1m[22m[2m │ gzip:   0.47 kB[22m
[2m../../../../../../../../JOLYON~1/AppData/Local/Temp/chromatic--26284-8cDw2fKT1Khw/[22m[36massets/index-356e4a49.js                       [39m[1m[2m  0.77 kB[22m[1m[22m[2m │ gzip:   0.47 kB[22m
[2m../../../../../../../../JOLYON~1/AppData/Local/Temp/chromatic--26284-8cDw2fKT1Khw/[22m[36massets/index-8d47fad6.js                       [39m[1m[2m  0.80 kB[22m[1m[22m[2m │ gzip:   0.52 kB[22m
[2m../../../../../../../../JOLYON~1/AppData/Local/Temp/chromatic--26284-8cDw2fKT1Khw/[22m[36massets/preview-0ef86afd.js                     [39m[1m[2m  0.86 kB[22m[1m[22m[2m │ gzip:   0.55 kB[22m
[2m../../../../../../../../JOLYON~1/AppData/Local/Temp/chromatic--26284-8cDw2fKT1Khw/[22m[36massets/Header.stories-b22a0203.js              [39m[1m[2m  0.90 kB[22m[1m[22m[2m │ gzip:   0.46 kB[22m
[2m../../../../../../../../JOLYON~1/AppData/Local/Temp/chromatic--26284-8cDw2fKT1Khw/[22m[36massets/jsx-runtime-29545a09.js                 [39m[1m[2m  0.97 kB[22m[1m[22m[2m │ gzip:   0.60 kB[22m
[2m../../../../../../../../JOLYON~1/AppData/Local/Temp/chromatic--26284-8cDw2fKT1Khw/[22m[36massets/preview-73e71e93.js                     [39m[1m[2m  1.04 kB[22m[1m[22m[2m │ gzip:   0.67 kB[22m
[2m../../../../../../../../JOLYON~1/AppData/Local/Temp/chromatic--26284-8cDw2fKT1Khw/[22m[36massets/entry-preview-1f5c28fc.js               [39m[1m[2m  1.15 kB[22m[1m[22m[2m │ gzip:   0.67 kB[22m
[2m../../../../../../../../JOLYON~1/AppData/Local/Temp/chromatic--26284-8cDw2fKT1Khw/[22m[36massets/DocsRenderer-NNNQARDV-0047e656.js       [39m[1m[2m  1.30 kB[22m[1m[22m[2m │ gzip:   0.69 kB[22m
[2m../../../../../../../../JOLYON~1/AppData/Local/Temp/chromatic--26284-8cDw2fKT1Khw/[22m[36massets/IconViewRequest-fa91bab8.js             [39m[1m[2m  1.35 kB[22m[1m[22m[2m │ gzip:   0.75 kB[22m
[2m../../../../../../../../JOLYON~1/AppData/Local/Temp/chromatic--26284-8cDw2fKT1Khw/[22m[36massets/Button-d5207044.js                      [39m[1m[2m  1.58 kB[22m[1m[22m[2m │ gzip:   0.74 kB[22m
[2m../../../../../../../../JOLYON~1/AppData/Local/Temp/chromatic--26284-8cDw2fKT1Khw/[22m[36massets/Header-f6022c1e.js                      [39m[1m[2m  1.65 kB[22m[1m[22m[2m │ gzip:   0.80 kB[22m
[2m../../../../../../../../JOLYON~1/AppData/Local/Temp/chromatic--26284-8cDw2fKT1Khw/[22m[36massets/Button.stories-861b025f.js              [39m[1m[2m  1.89 kB[22m[1m[22m[2m │ gzip:   0.64 kB[22m
[2m../../../../../../../../JOLYON~1/AppData/Local/Temp/chromatic--26284-8cDw2fKT1Khw/[22m[36massets/index-11d98b33.js                       [39m[1m[2m  2.59 kB[22m[1m[22m[2m │ gzip:   1.26 kB[22m
[2m../../../../../../../../JOLYON~1/AppData/Local/Temp/chromatic--26284-8cDw2fKT1Khw/[22m[36massets/InboxScreen.stories-1bbac09c.js         [39m[1m[2m  2.91 kB[22m[1m[22m[2m │ gzip:   1.17 kB[22m
[2m../../../../../../../../JOLYON~1/AppData/Local/Temp/chromatic--26284-8cDw2fKT1Khw/[22m[36massets/ButtonTailwind.stories-348efabb.js      [39m[1m[2m  3.06 kB[22m[1m[22m[2m │ gzip:   1.22 kB[22m
[2m../../../../../../../../JOLYON~1/AppData/Local/Temp/chromatic--26284-8cDw2fKT1Khw/[22m[36massets/preview-30b54f76.js                     [39m[1m[2m  3.21 kB[22m[1m[22m[2m │ gzip:   1.37 kB[22m
[2m../../../../../../../../JOLYON~1/AppData/Local/Temp/chromatic--26284-8cDw2fKT1Khw/[22m[36massets/Task.stories-3bf310d3.js                [39m[1m[2m  3.53 kB[22m[1m[22m[2m │ gzip:   1.38 kB[22m
[2m../../../../../../../../JOLYON~1/AppData/Local/Temp/chromatic--26284-8cDw2fKT1Khw/[22m[36massets/Page.stories-0dfcbc3a.js                [39m[1m[2m  3.58 kB[22m[1m[22m[2m │ gzip:   1.57 kB[22m
[2m../../../../../../../../JOLYON~1/AppData/Local/Temp/chromatic--26284-8cDw2fKT1Khw/[22m[36massets/NoteListItem.stories-cd452d94.js        [39m[1m[2m  3.87 kB[22m[1m[22m[2m │ gzip:   1.36 kB[22m
[2m../../../../../../../../JOLYON~1/AppData/Local/Temp/chromatic--26284-8cDw2fKT1Khw/[22m[36massets/IconBox.stories-106db1e3.js             [39m[1m[2m  3.95 kB[22m[1m[22m[2m │ gzip:   1.39 kB[22m
[2m../../../../../../../../JOLYON~1/AppData/Local/Temp/chromatic--26284-8cDw2fKT1Khw/[22m[36massets/preview-d01b88e8.js                     [39m[1m[2m  5.23 kB[22m[1m[22m[2m │ gzip:   2.39 kB[22m
[2m../../../../../../../../JOLYON~1/AppData/Local/Temp/chromatic--26284-8cDw2fKT1Khw/[22m[36massets/Introduction-507c21d0.js                [39m[1m[2m  6.65 kB[22m[1m[22m[2m │ gzip:   2.20 kB[22m
[2m../../../../../../../../JOLYON~1/AppData/Local/Temp/chromatic--26284-8cDw2fKT1Khw/[22m[36massets/iframe-64dd88a4.js                      [39m[1m[2m  7.10 kB[22m[1m[22m[2m │ gzip:   2.02 kB[22m
[2m../../../../../../../../JOLYON~1/AppData/Local/Temp/chromatic--26284-8cDw2fKT1Khw/[22m[36massets/index-76fb7be0.js                       [39m[1m[2m  7.16 kB[22m[1m[22m[2m │ gzip:   2.91 kB[22m
[2m../../../../../../../../JOLYON~1/AppData/Local/Temp/chromatic--26284-8cDw2fKT1Khw/[22m[36massets/preview-da31036b.js                     [39m[1m[2m  7.62 kB[22m[1m[22m[2m │ gzip:   1.56 kB[22m
[2m../../../../../../../../JOLYON~1/AppData/Local/Temp/chromatic--26284-8cDw2fKT1Khw/[22m[36massets/preview-c56bf6ac.js                     [39m[1m[2m  8.28 kB[22m[1m[22m[2m │ gzip:   3.16 kB[22m
[2m../../../../../../../../JOLYON~1/AppData/Local/Temp/chromatic--26284-8cDw2fKT1Khw/[22m[36massets/index-03bbf7d1.js                       [39m[1m[2m 13.51 kB[22m[1m[22m[2m │ gzip:   5.05 kB[22m
[2m../../../../../../../../JOLYON~1/AppData/Local/Temp/chromatic--26284-8cDw2fKT1Khw/[22m[36massets/Color-6VNJS4EI-601dae79.js              [39m[1m[2m 17.58 kB[22m[1m[22m[2m │ gzip:   6.72 kB[22m
[2m../../../../../../../../JOLYON~1/AppData/Local/Temp/chromatic--26284-8cDw2fKT1Khw/[22m[36massets/TaskList.stories-2da6ea3a.js            [39m[1m[2m 33.11 kB[22m[1m[22m[2m │ gzip:  12.32 kB[22m
[2m../../../../../../../../JOLYON~1/AppData/Local/Temp/chromatic--26284-8cDw2fKT1Khw/[22m[36massets/preview-e0f9c44d.js                     [39m[1m[2m 34.23 kB[22m[1m[22m[2m │ gzip:  13.36 kB[22m
[2m../../../../../../../../JOLYON~1/AppData/Local/Temp/chromatic--26284-8cDw2fKT1Khw/[22m[36massets/preview-2d30111f.js                     [39m[1m[2m 72.16 kB[22m[1m[22m[2m │ gzip:  24.38 kB[22m
[2m../../../../../../../../JOLYON~1/AppData/Local/Temp/chromatic--26284-8cDw2fKT1Khw/[22m[36massets/index-8fd8397b.js                       [39m[1m[2m 78.40 kB[22m[1m[22m[2m │ gzip:  23.41 kB[22m
[2m../../../../../../../../JOLYON~1/AppData/Local/Temp/chromatic--26284-8cDw2fKT1Khw/[22m[36massets/index-d3ea75b5.js                       [39m[1m[2m134.07 kB[22m[1m[22m[2m │ gzip:  43.20 kB[22m
[2m../../../../../../../../JOLYON~1/AppData/Local/Temp/chromatic--26284-8cDw2fKT1Khw/[22m[36massets/entry-preview-docs-b427957a.js          [39m[1m[2m212.40 kB[22m[1m[22m[2m │ gzip:  65.83 kB[22m
[2m../../../../../../../../JOLYON~1/AppData/Local/Temp/chromatic--26284-8cDw2fKT1Khw/[22m[36massets/index-03d05a58.js                       [39m[1m[2m375.25 kB[22m[1m[22m[2m │ gzip: 115.53 kB[22m
[2m../../../../../../../../JOLYON~1/AppData/Local/Temp/chromatic--26284-8cDw2fKT1Khw/[22m[36massets/index-16096243.js                       [39m[1m[33m536.51 kB[39m[22m[2m │ gzip: 174.68 kB[22m
[2m../../../../../../../../JOLYON~1/AppData/Local/Temp/chromatic--26284-8cDw2fKT1Khw/[22m[36massets/index-56fed4a1.js                       [39m[1m[33m560.57 kB[39m[22m[2m │ gzip: 147.91 kB[22m
[2m../../../../../../../../JOLYON~1/AppData/Local/Temp/chromatic--26284-8cDw2fKT1Khw/[22m[36massets/axe-3e344d98.js                         [39m[1m[33m575.65 kB[39m[22m[2m │ gzip: 159.29 kB[22m
[2m../../../../../../../../JOLYON~1/AppData/Local/Temp/chromatic--26284-8cDw2fKT1Khw/[22m[36massets/formatter-SWP5E3XI-794e8eff.js          [39m[1m[33m601.61 kB[39m[22m[2m │ gzip: 185.00 kB[22m
[32m✓ built in 15.00s[39m
info => Preview built (17 s)
info => Output directory: C:\Users\JOLYON~1\AppData\Local\Temp\chromatic--26284-8cDw2fKT1Khw
Done in 21.44s.
